[    0.000000] Linux version 4.15.0-147-generic (buildd@lcy01-amd64-028) (gcc version 7.5.0 (Ubuntu 7.5.0-3ubuntu1~18.04)) #151-Ubuntu SMP Fri Jun 18 19:21:19 UTC 2021 (Ubuntu 4.15.0-147.151-generic 4.15.18)
[    0.00000] Command line: BOT_IMAGE=/boot/vmlinuz-4.15.0-147-generic root=LABEL=cloudimg-rootfs ro console=tty1 console=ttyS0
[    0.000000] KERNEL supported cpus:
[    0.000000]   Intel GenuineIntel
[    0.000000]   AMD AuthenticAMD
[    0.000000]   Centaur CentaurHauls
[    0.000000] x86/fpu:Supporting XSAVE feature 0x001: 'x87 floating point registers'
[    0.000000] x86/fpu: Supporting XSAVE feaature 0x002: 'SSE registers'
[    0.000000] x86/fpu: Supporting XSAVE feature 0x004: 'AVX registers'
[    0.000000] x86/fpu: xstate_offset[2]:  576, xstate_sizes[2]:  256
[    0.000000] x86/fpu: Enabled xstate features 0x7, context size is 832 bytes, using 'standard' format.
[    0.000000] e820: BIOS-provided physical RAM map:
[    0.000000] BIOS-e820: [mem 0x0000000000000000-0x000000000009fbff] usable
[    0.000000] BIOS-e820: [mem 0x000000000009fc00-0x000000000009ffff] reserved
[    0.000000] BIOS-e820: [mem 0x00000000000f0000-0x00000000000fffff] reserved
[    0.000000] BIOS-e820: [mem 0x0000000000100000-0x000000003ffeffff] usable
[    0.000000] BIOS-e820: [mem 0x000000003fff0000-0x000000003fffffff] ACPI data
[    0.000000] BIOS-e820: [mem 0x00000000fec00000-0x00000000fec00fff] reserved
[    0.000000] BIOS-e820: [mem 0x00000000fee00000-0x00000000fee00fff] reserved
[    0.000000] BIOS-e820: [mem 0x00000000fffc0000-0x00000000ffffffff] reserved
[    0.000000] NX (Execute Disable) protection: active
[    0.000000] SMBIOS 2.5 present.
[    0.000000] DMI: innotek GmbH VirtualBox/VirtualBox, BIOS VirtualBox 12/01/2006
[    0.000000] Hypervisor detected: KVM
[    0.000000] e820: last_pfn = 0x3fff0 max_arch_pfn = 0x400000000
[    0.000000] MTRR: Disabled
[    0.000000] x86/PAT: MTRRs disabled, skipping PAT initialization too.
[    0.000000] PU MTRRs all blank - virtualized system.
[    0.000000] x86/PAT: Configuration [0-7]: WB  WT  UC- UC  WB  WT  UC- UC  
[    0.000000] found SMP MP-table at [mem 0x0009fff0-0x0009ffff]
[    0.000000] Scanning 1 areas for low memory corruption
[    0.000000] RAMDISK: [mem 0x359d1000-0x36cdffff]
[    0.000000] ACPI: Early table checksum verification disabled
[    0.000000] ACPI: RSDP 0x00000000000E0000 000024 (v02 VBOX  )
[    0.000000] ACPI: XSDT 0x000000003FFF0030 00003C (v01 VBOX   VBOXXSDT 00000001 ASL  00000061)
[    0.000000] ACPI: FACP 0x000000003FFF00F0 0000F4 (v04 VBOX   VBOXFACP 00000001 ASL  00000061)
[    0.000000] ACPI: DSDT 0x000000003FFF0470 0021FF (v02 VBOX   VBOXBIOS 00000002 INTL 20100528)
[    0.000000] ACPI: FACS 0x000000003FFF0200 000040
[    0.000000] ACPI: FACS 0x000000003FFF0200 000040
[    0.000000] ACPI: APIC 0x000000003FFF0240 00005C (v02 VBOX   VBOXAPIC 00000001 ASL  00000061)
[    0.000000] ACPI: SSDT 0x000000003FFF02A0 0001CC (v01 VBOX   VBOXCPUT 00000002 INTL 20100528)
[    0.000000] ACPI: Reserving FACP table memory at [mem 0x3fff00f0-0x3fff01e3]
[    0.000000] ACPI: Reserving DSDT table memory at [mem 0x3fff0470-0x3fff266e]
[    0.000000] ACPI: Reserving FACS table memory at [mem 0x3fff0200-0x3fff023f]
[    0.000000] ACPI: Reserving FACS table memory at [mem 0x3fff0200-0x3fff023f]
[    0.000000] ACPI: Reserving APIC table memory at [mem 0x3fff0240-0x3fff029b]
[    0.000000] ACPI: Reserving SSDT table memory at [mem 0x3fff02a0-0x3fff046b]
[    0.000000] No NUMA configuration found
[    0.000000] Faking a node at [mem 0x0000000000000000-0x000000003ffeffff]
[    0.000000] NODE_DATA(0) allocated [mem 0x3ffc5000-0x3ffeffff]
[    0.000000] kvm-clock: cpu 0, msr 0:3ff44001, primary cpu clock
[    0.000000] kvm-clock: Using msrs 4b564d01 and 4b564d00
[    0.000000] kvm-clock: using sched offset of 4175666609 cycles
[    0.000000] clocksource: kvm-clock: mask: 0xffffffffffffffff max_cycles: 0x1cd42e4dffb, max_idle_ns: 881590591483 ns
[    0.000000] Zone ranges:
[    0.000000]   DMA      [mem 0x0000000000001000-0x0000000000ffffff]
[    0.000000]   DMA32    [mem 0x0000000001000000-0x000000003ffeffff]
[    0.000000]   Normal   empty
[    0.000000]   Device   empty
[    0.000000] Movable zone start for each node
[    0.000000] Early memory node ranges
[    0.000000]   node   0: [mem 0x0000000000001000-0x000000000009efff]
[    0.000000]   node   0: [mem 0x0000000000100000-0x000000003ffeffff]
[    0.000000] Reserved but unavailable: 104 pages
[    0.000000] Initmem setup node 0 [mem 0x0000000000001000-0x000000003ffeffff]
[    0.000000] ACPI: PM-Timer IO Port: 0x4008
[    0.000000] IOAPIC[0]: apic_id 2, version 32, address 0xfec00000, GSI 0-23
[    0.000000] ACPI: INT_SRC_OVR (bus 0 bus_irq 0 global_irq 2 dfl dfl)
[    0.000000] ACPI: INT_SRC_OVR (bus 0 bus_irq 9 global_irq 9 low level)
[    0.000000] Using ACPI (MADT) for SMP configuration information
[    0.000000] smpboot: Allowing 2 CPUs, 0 hotplug CPUs
[    0.000000] PM: Registered nosave memory: [mem 0x00000000-0x00000fff]
[    0.000000] PM: Registered nosave memory: [mem 0x0009f000-0x0009ffff]
[    0.000000] PM: Registered nosave memory: [mem 0x000a0000-0x000effff]
[    0.000000] PM: Registered nosave memory: [mem 0x000f0000-0x000fffff]
[    0.000000] e820: [mem 0x40000000-0xfebfffff] available for PCI devices
[    0.000000] Booting paravirtualized krnel on KVM
[    0.000000] clocksource: refined-jiffies: mask: 0xffffffff max_cycles: 0xffffffff, max_idle_ns: 7645519600211568 ns
[    0.000000] random: get_random_bytes called from start_kernel+0x99/0x500 with crng_init=0
[    0.000000] setup_percpu: NR_CPUS:8192 nr_cpumask_bits:22 nr_cpu_ids:2 nr_node_ids:1
[    0.000000] percpu: Embedded 45 pages/cpu s147456 r8192 d28672 u1048576
[    0.000000] PVqspinlock hash table entries: 256 (order: 0, 4096 bytes)
[    0.000000] Built 1 zonelists, mobility grouping on.  Total pages: 257913
[    0.000000] Policy zone: DMA32
[    0.000000] Kernel command line: BOOT_IMAGE=/boot/vmlinuz-4.15.0-147-generic root=LABEL=cloudimg-rootfs ro console=tty1 console=ttyS0
[    0.000000] Memory: 982720K/1048120K available (12300K kernel code, 2483K rwdata, 4320K rodata, 2448K init, 2724K bss, 65400K reserved, 0K cma-reserved)
[    0.000000] SLUB: HWalign=64, Order=0-3, MinObjects=0, CPUs=2, Nodes=1
[    0.000000] Kernel/User page tables isolation: enabled
[    0.000000] ftrace: allocating 39457 entries in 155 pages
[    0.004000] Hierarchical RCU implementation.
[    0.004000] 	RCU restricting CPUs from NR_CPUS=8192 to nr_cpu_ids=2.
[    0.004000] 	Tasks RCU enabled.
[    0.004000] RCU: Adjusting geometry for rcu_fanout_leaf=16, nr_cpu_ids=2
[    0.004000] NR_IRQS: 524544, nr_irqs: 440, preallocated irqs: 16
[    0.004000] Console: colour VGA+ 80x25
[    0.004000] console [tty1] enabled
[    0.004000] console [ttyS0] enabled
[    0.004000] ACPI: Core revision 20170831
[    0.004000] ACPI: 2 ACPI AML tables successfully acquired and loaded
[    0.004000] APIC: Switch to symmetric I/O mode setup
[    0.004000] x2apic enabled
[    0.004000] Switched APIC routing to physical x2apic.
[    0.005314] ..TIMER: vector=0x30 apic1=0 pin1=2 apic2=-1 pin2=-1
[    0.008003] tsc: Detected 2499.998 MHz processor
[    0.012023] Calibrating delay loop (skipped) preset value.. 4999.99 BogoMIPS (lpj=9999992)
[    0.013882] pid_max: default: 32768 minimum: 301
[    0.014973] Security Framework initialized
[    0.016003] Yama: becoming mindful.
[    0.016926] AppArmor: AppArmor initialized
[    0.028044] Dentry cache hash table entries: 131072 (order: 8, 1048576 bytes)
[    0.032066] Inode-cache hash table entries: 65536 (order: 7, 524288 bytes)
[    0.033503] Mount-cache hash table entries: 2048 (order: 2, 16384 bytes)
[    0.034908] Mountpoint-cache hash table entries: 2048 (order: 2, 16384 bytes)
[    0.036989] Last level iTLB entries: 4KB 512, 2MB 8, 4MB 8
[    0.038164] Last level dTLB entries: 4KB 512, 2MB 32, 4MB 32, 1GB 0
[    0.039505] Spectre V1 : Mitigation: usercopy/swapgs barriers and __user pointer sanitization
[    0.040004] Spectre V2 : Mitigation: Full generic retpoline
[    0.041189] Spectre V2 : Spectre v2 / SpectreRSB mitigation: Filling RSB on context switch
[    0.044003] Speculative Store Bypass: Vulnerable
[    0.045056] MDS: Vulnerable: Clear CPU buffers attempted, no microcode
[    0.046606] Freeing SMP alternatives memory: 36K
[    0.159447] smpboot: CPU0: Intel(R) Xeon(R) CPU E5-2640 0 @ 2.50GHz (family: 0x6, model: 0x2d, stepping: 0x7)
[    0.160000] Performance Events: unsupported p6 CPU model 45 no PMU driver, software events only.
[    0.160000] Hierarchical SRCU implementation.
[    0.160636] NMI watchdog: Perf event create on CPU 0 failed with -2
[    0.161850] NMI watchdog: Perf NMI watchdog permanently disabled
[    0.163069] smp: Bringing up secondary CPUs ...
[    0.164103] x86: Booting SMP configuration:
[    0.164968] .... node  #0, CPUs:      #1
[    0.004000] kvm-clock: cpu 1, msr 0:3ff44041, secondary cpu clock
[    0.170017] smp: Brought up 1 node, 2 CPUs
[    0.170017] smpboot: Max logical packages: 1
[    0.170017] smpboot: Total of 2 processors activated (9999.99 BogoMIPS)
[    0.172160] devtmpfs: initialized
[    0.172819] x86/mm: Memory block size: 128MB
[    0.176191] evm: security.selinux
[    0.176918] evm: security.SMACK64
[    0.177618] evm: security.SMACK64EXEC
[    0.180004] evm: security.SMACK64TRANSMUTE
[    0.180842] evm: security.SMACK64MMAP
[    0.181621] evm: security.apparmor
[    0.184006] evm: security.ima
[    0.188004] evm: security.capability
[    0.192092] clocksource: jiffies: mask: 0xffffffff max_cycles: 0xffffffff, max_idle_ns: 7645041785100000 ns
[    0.193897] futex hash table entries: 512 (order: 3, 32768 bytes)
[    0.195119] pinctrl core: initialized pinctrl subsystem
[    0.200171] RTC time: 23:35:10, date: 07/08/21
[    0.204228] NET: Registered protocol family 16
[    0.205261] audit: initializing netlink subsys (disabled)
[    0.208050] audit: type=2000 audit(1625787316.264:1): state=initialized audit_enabled=0 res=1
[    0.208160] cpuidle: using governor ladder
[    0.212010] cpuidle: using governor menu
[    0.212872] ACPI: bus type PCI registered
[    0.213706] acpiphp: ACPI Hot Plug PCI Controller Driver version: 0.5
[    0.216117] PCI: Using configuration type 1 for base access
[    0.217286] HugeTLB registered 2.00 MiB page size, pre-allocated 0 pages
[    0.220081] ACPI: Added _OSI(Module Device)
[    0.220959] ACPI: Added _OSI(Processor Device)
[    0.224004] ACPI: Added _OSI(3.0 _SCP Extensions)
[    0.225050] ACPI: Added _OSI(Processor Aggregator Device)
[    0.226238] ACPI: Added _OSI(Linux-Dell-Video)
[    0.227222] ACPI: Added _OSI(Linux-Lenovo-NV-HDMI-Audio)
[    0.228004] ACPI: Added _OSI(Linux-HPI-Hybrid-Graphics)
[    0.229524] ACPI: Executed 1 blocks of module-level executable AML code
[    0.236596] ACPI: Interpreter enabled
[    0.237472] ACPI: (supports S0 S5)
[    0.238203] ACPI: Using IOAPIC for interrupt routing
[    0.239512] PCI: Using host bridge windows from ACPI; if necessary, use "pci=nocrs" and report a bug
[    0.240206] ACPI: Enabled 2 GPEs in block 00 to 07
[    0.250553] ACPI: PCI Root Bridge [PCI0] (domain 0000 [bus 00-ff])
[    0.252008] acpi PNP0A03:00: _OSC: OS supports [ASPM ClockPM Segments MSI]
[    0.256030] acpi PNP0A03:00: _OSC: not requesting OS control; OS requires [ExtendedConfig ASPM ClockPM MSI]
[    0.260014] acpi PNP0A03:00: fail to add MMCONFIG information, can't access extended PCI configuration space under this bridge.
[    0.262626] PCI host bridge to bus 0000:00
[    0.264005] pci_bus 0000:00: root bus resource [io  0x0000-0x0cf7 window]
[    0.265302] pci_bus 0000:00: root bus resource [io  0x0d00-0xffff window]
[    0.266614] pci_bus 0000:00: root bus resource [mem 0x000a0000-0x000bffff window]
[    0.268003] pci_bus 0000:00: root bus resource [mem 0x40000000-0xfdffffff window]
[    0.270259] pci_bus 0000:00: root bus resource [bus 00-ff]
[    0.274328] pci 0000:00:01.1: legacy IDE quirk: reg 0x10: [io  0x01f0-0x01f7]
[    0.276004] pci 0000:00:01.1: legacy IDE quirk: reg 0x14: [io  0x03f6]
[    0.277301] pci 0000:00:01.1: legacy IDE quirk: reg 0x18: [io  0x0170-0x0177]
[    0.278662] pci 0000:00:01.1: legacy IDE quirk: reg 0x1c: [io  0x0376]
[    0.296509] pci 0000:00:07.0: quirk: [io  0x4000-0x403f] claimed by PIIX4 ACPI
[    0.298002] pci 0000:00:07.0: quirk: [io  0x4100-0x410f] claimed by PIIX4 SMB
[    0.308000] ACPI: PCI Interrupt Link [LNKA] (IRQs 5 9 10 *11)
[    0.312394] ACPI: PCI Interrupt Link [LNKB] (IRQs 5 9 *10 11)
[    0.313690] ACPI: PCI Interrupt Link [LNKC] (IRQs 5 *9 10 11)
[    0.314977] ACPI: PCI Interrupt Link [LNKD] (IRQs 5 9 10 *11)
[    0.316333] SCSI subsystem initialized
[    0.317174] pci 0000:00:02.0: vgaarb: setting as boot VGA device
[    0.317205] pci 0000:00:02.0: vgaarb: VGA device added: decodes=io+mem,owns=io+mem,locks=none
[    0.320016] pci 0000:00:02.0: vgaarb: bridge control possible
[    0.321138] vgaarb: loaded
[    0.321776] ACPI: bus type USB registered
[    0.322617] usbcore: registered new interface driver usbfs
[    0.324011] usbcore: registered new interface driver hub
[    0.325065] usbcore: registered new device driver usb
[    0.326122] EDAC MC: Ver: 3.0.0
[    0.326122] PCI: Using ACPI for IRQ routing
[    0.328283] NetLabel: Initializing
[    0.329014] NetLabel:  domain hash size = 128
[    0.329953] NetLabel:  protocols = UNLABELED CIPSOv4 CALIPSO
[    0.331106] NetLabel:  unlabeled traffic allowed by default
[    0.332095] clocksource: Switched to clocksource kvm-clock
[    0.388882] VFS: Disk quotas dquot_6.6.0
[    0.389797] VFS: Dquot-cache hash table entries: 512 (order 0, 4096 bytes)
[    0.391228] AppArmor: AppArmor Filesystem Enabled
[    0.392086] pnp: PnP ACPI init
[    0.394189] pnp: PnP ACPI: found 3 devices
[    0.404624] clocksource: acpi_pm: mask: 0xffffff max_cycles: 0xffffff, max_idle_ns: 2085701024 ns
[    0.406551] NET: Registered protocol family 2
[    0.407839] TCP established hash table entries: 8192 (order: 4, 65536 bytes)
[    0.409481] TCP bind hash table entries: 8192 (order: 5, 131072 bytes)
[    0.425696] TCP: Hash tables configured (established 8192 bind 8192)
[    0.427146] UDP hash table entries: 512 (order: 2, 16384 bytes)
[    0.428536] UDP-Lite hash table entries: 512 (order: 2, 16384 bytes)
[   0.429821] NET: Registered protocol family 1
[    0.456097] pci 0000:00:00.0: Limiting direct PCI/PCI transfers
[    0.457323] pci 0000:00:01.0: Activating ISA DMA hang workarounds
[    0.458554] pci 0000:00:02.0: Video device with shadowed ROM at [mem 0x000c0000-0x000dffff]
[    0.460336] Unpacking initramfs...

[    1.121866] Freeing initrd memory: 19516K
[    1.122843] clocksource: tsc: mask: 0xffffffffffffffff max_cycles: 0x240937b9988, max_idle_ns: 440795218083 ns
[    1.124858] platform rtc_cmos: registered platform RTC device (no PNP device found)
[    1.126394] Scanning for low memory corruption every 60 seconds
[    1.128273] Initialise system trusted keyrings
[    1.129360] Key type blacklist registered
[    1.130376] workingset: timestamp_bits=36 max_order=18 bucket_order=0
[    1.132662] zbud: loaded
[    1.133819] squashfs: version 4.0 (2009/01/31) Phillip Lougher
[    1.135188] fuse init (API version 7.26)
[    1.138842] Key type asymmetric registered
[    1.139700] Asymmetric key parser 'x509' registered
[    1.140732] Block layer SCSI generic (bsg) driver version 0.4 loaded (major 246)
[    1.142317] io scheduler noop registered
[    1.143140] io scheduler deadline registered
[    1.144028] io scheduler cfq registered (default)
[    1.145311] ACPI: AC Adapter [AC] (on-line)
[    1.146219] input: Power Button as /devices/LNXSYSTM:00/LNXPWRBN:00/input/input0
[    1.147767] ACPI: Power Button [PWRF]
[    1.148639] input: Sleep Button as /devices/LNXSYSTM:00/LNXSLPBN:00/input/input1
[    1.150106] ACPI: Sleep Button [SLPF]
[    1.151210] Serial: 8250/16550 driver, 32 ports, IRQ sharing enabled
[    1.175600] 00:02: ttyS0 at I/O 0x3f8 (irq = 4, base_baud = 115200) is a 16550A
[    1.180359] Linux agpgart interface v0.103
[    1.182978] loop: module loaded
[    1.184394] scsi host0: ata_piix
[    1.188376] scsi host1: ata_piix
[    1.189100] ata1: PATA max UDMA/33 cmd 0x1f0 ctl 0x3f6 bmdma 0xd000 irq 14
[    1.190478] ata2: PATA max UDMA/33 cmd 0x170 ctl 0x376 bmdma 0xd008 irq 15
[    1.191896] libphy: Fixed MDIO Bus: probed
[    1.192808] tun: Universal TUN/TAP device driver, 1.6
[    1.193911] PPP generic driver version 2.4.2
[    1.196704] ehci_hcd: USB 2.0 'Enhanced' Host Controller (EHCI) Driver
[    1.197986] ehci-pci: EHCI PCI platform driver
[    1.198905] ehci-platform: EHCI generic platform driver
[    1.205222] ohci_hcd: USB 1.1 'Open' Host Controller (OHCI) Driver
[    1.215914] ohci-pci: OHCI PCI platform driver
[    1.216850] ohci-platform: OHCI generic platform driver
[    1.217889] uhci_hcd: USB Universal Host Controller Interface driver
[    1.219178] i8042: PNP: PS/2 Controller [PNP0303:PS2K,PNP0f03:PS2M] at 0x60,0x64 irq 1,12
[    1.221297] serio: i8042 KBD port at 0x60,0x64 irq 1
[    1.222344] serio: i8042 AUX port at 0x60,0x64 irq 12
[    1.223565] mousedev: PS/2 mouse device common for all mice
[    1.225420] input: AT Translated Set 2 keyboard as /devices/platform/i8042/serio0/input/input2
[    1.227146] rtc_cmos rtc_cmos: rtc core: registered rtc_cmos as rtc0
[    1.228621] rtc_cmos rtc_cmos: alarms up to one day, 114 bytes nvram
[    1.229859] i2c /dev entries driver
[    1.230635] device-mapper: uevent: version 1.0.3
[    1.231674] device-mapper: ioctl: 4.37.0-ioctl (2017-09-20) initialised: dm-devel@redhat.com
[    1.233403] ledtrig-cpu: registered to indicate activity on CPUs
[    1.234936] NET: Registered protocol family 10
[    1.239962] Segment Routing with IPv6
[    1.240797] NET: Registered protocol family 17
[    1.241801] Key type dns_resolver registered
[    1.242861] mce: Using 0 MCE banks
[    1.243608] RAS: Correctable Errors collector initialized.
[    1.244772] sched_clock: Marking stable (1244754934, 0)->(1746734437, -501979503)
[    1.246930] registered taskstats version 1
[    1.247784] Loading compiled-in X.509 certificates
[    1.251963] Loaded X.509 cert 'Build time autogenerated kernel key: 51fb7d4f1badf96545a23cd59566c79f3f9ecc26'
[    1.255025] Loaded X.509 cert 'Canonical Ltd. Live Patch Signing: 14df34d1a87cf37625abec039ef2bf521249b969'
[    1.258020] Loaded X.509 cert 'Canonical Ltd. Kernel Module Signing: 88f752e560a1e0737e31163a466ad7b70a850c19'
[    1.260720] zswap: loaded using pool lzo/zbud
[    1.265962] Key type big_key registered
[    1.266787] Key type trusted registered
[    1.269487] Key type encrypted registered
[    1.270308] AppArmor: AppArmor sha1 policy hashing enabled
[    1.271375] ima: No TPM chip found, activating TPM-bypass! (rc=-19)
[    1.272620] ima: Allocated hash algorithm: sha1
[    1.273551] evm: HMAC attrs: 0x1
[    1.274536]   Magic number: 13:78:605
[    1.275452] rtc_cmos rtc_cmos: setting system clock to 2021-07-08 23:35:11 UTC (1625787311)
[    1.277279] BIOS EDD facility v0.16 2004-Jun-25, 0 devices found
[    1.278442] EDD information not available.
[    1.351104] Freeing unused kernel image memory: 2448K
[    1.840943] Write protecting the kernel read-only data: 20480k
[    1.849318] Freeing unused kernel image memory: 2008K
[    1.850758] Freeing unused kernel image memory: 1824K
[    1.860102] x86/mm: Checked W+X mappings: passed, no W+X pages found.
[    1.861675] x86/mm: Checking user space page tables
[    1.873724] x86/mm: Checked W+X mappings: passed, no W+X pages found.
Loading, please wait...
starting version 237
[    1.987174] Fusion MPT base driver 3.04.20
[    1.988119] Copyright (c) 1999-2008 LSI Corporation
[    2.014721] e1000: Intel(R) PRO/1000 Network Driver - version 7.3.21-k8-NAPI
[    2.016675] e1000: Copyright (c) 1999-2006 Intel Corporation.
[    2.023806] AVX version of gcm_enc/dec engaged.
[    2.025156] AES CTR mode by8 optimization enabled
[    2.029999] Fusion MPT SPI Host driver 3.04.20
[    2.205769] input: ImExPS/2 Generic Explorer Mouse as /devices/platform/i8042/serio1/input/input4
[    2.430795] e1000 0000:00:03.0 eth0: (PCI:33MHz:32-bit) 02:c9:26:65:5d:a6
[    2.434076] e1000 0000:00:03.0 eth0: Intel(R) PRO/1000 Network Connection
[    2.436993] mptbase: ioc0: Initiating bringup
[    2.532726] ioc0: LSI53C1030 A0: Capabilities={Initiator}
[    2.774226] scsi host2: ioc0: LSI53C1030 A0, FwRev=00000000h, Ports=1, MaxQ=256, IRQ=20
[    2.948768] scsi 2:0:0:0: Direct-Access     VBOX     HARDDISK         1.0  PQ: 0 ANSI: 5
[    2.976664] scsi target2:0:0: Beginning Domain Validation
[    2.979578] scsi target2:0:0: Domain Validation skipping write tests
[    2.981415] scsi target2:0:0: Ending Domain Validation
[    2.983169] scsi target2:0:0: asynchronous
[    3.007285] scsi 2:0:1:0: Direct-Access     VBOX     HARDDISK         1.0  PQ: 0 ANSI: 5
[    3.040659] scsi target2:0:1: Beginning Domain Validation
[    3.056713] random: fast init done
[    3.058069] scsi target2:0:1: Domain Validation skipping write tests
[    3.059400] scsi target2:0:1: Ending Domain Validation
[    3.060563] scsi target2:0:1: asynchronous
[    3.065249] random: systemd-udevd: uninitialized urandom read (16 bytes read)
[    3.066810] random: systemd-udevd: uninitialized urandom read (16 bytes read)
[    3.068298] random: systemd-udevd: uninitialized urandom read (16 bytes read)
[    3.070081] sd 2:0:0:0: Attached scsi generic sg0 type 0
[    3.071666] sd 2:0:0:0: [sda] 83886080 512-byte logical blocks: (42.9 GB/40.0 GiB)
[    3.079922] sd 2:0:1:0: Attached scsi generic sg1 type 0
[    3.081975] sd 2:0:0:0: [sda] Write Protect is off
[    3.084026] sd 2:0:1:0: [sdb] 20480 512-byte logical blocks: (10.5 MB/10.0 MiB)
[    3.085652] sd 2:0:0:0: [sda] Incomplete mode parameter data
[    3.086916] sd 2:0:0:0: [sda] Assuming drive cache: write through
[    3.088283] sd 2:0:1:0: [sdb] Write Protect is off
[    3.090832] sd 2:0:1:0: [sdb] Incomplete mode parameter data
[    3.092228] sd 2:0:1:0: [sdb] Assuming drive cache: write through
[    3.094659]  sda: sda1
[    3.096177] sd 2:0:0:0: [sda] Attached SCSI disk
[    3.097690] sd 2:0:1:0: [sdb] Attached SCSI disk
[    3.366309] e1000 0000:00:08.0 eth1: (PCI:33MHz:32-bit) 08:00:27:81:67:33
[    3.367765] e1000 0000:00:08.0 eth1: Intel(R) PRO/1000 Network Connection
[    3.370503] e1000 0000:00:03.0 enp0s3: renamed from eth0
[    3.385163] e1000 0000:00:08.0 enp0s8: renamed from eth1
Begin: Loading essential drivers ... [    4.964146] raid6: sse2x1   gen()  7043 MB/s
[    5.012019] raid6: sse2x1   xor()  5002 MB/s
[    5.060841] raid6: sse2x2   gen()  9553 MB/s
[    5.108706] raid6: sse2x2   xor()  6192 MB/s
[    5.156529] raid6: sse2x4   gen() 10647 MB/s
[    5.204415] raid6: sse2x4   xor()  7415 MB/s
[    5.205347] raid6: using algorithm sse2x4 gen() 10647 MB/s
[    5.206420] raid6: .... xor() 7415 MB/s, rmw enabled
[    5.207436] raid6: using ssse3x2 recovery algorithm
[    5.210579] xor: automatically using best checksumming function   avx       
[    5.213839] async_tx: api initialized (async)
done.
Begin: Running /scripts/init-premount ... done.
Begin: Mounting root file system ... Begin: Running /scripts/local-top ... done.
Begin: Running /scripts/local-premount ... [    5.278739] Btrfs loaded, crc32c=crc32c-intel
Scanning for Btrfs filesystems
done.
Warning: fsck not present, so skipping root file system
[    5.315129] EXT4-fs (sda1): mounted filesystem with ordered data mode. Opts: (null)
done.
Begin: Running /scripts/local-bottom ... done.
Begin: Running /scripts/init-bottom ... done.
[    5.480408] ip_tables: (C) 2000-2006 Netfilter Core Team
[    5.492358] systemd[1]: systemd 237 running in system mode. (+PAM +AUDIT +SELINUX +IMA +APPARMOR +SMACK +SYSVINIT +UTMP +LIBCRYPTSETUP +GCRYPT +GNUTLS +ACL +XZ +LZ4 +SECCOMP +BLKID +ELFUTILS +KMOD -IDN2 +IDN -PCRE2 default-hierarchy=hybrid)
[    5.497590] systemd[1]: Detected virtualization oracle.
[    5.499065] systemd[1]: Detected architecture x86-64.

Welcome to [1mUbuntu 18.04.5 LTS[0m!

[    5.571321] systemd[1]: Set hostname to <ubuntu>.
[    5.575377] systemd[1]: Initializing machine ID from random generator.
[    5.576948] systemd[1]: Installed transient /etc/machine-id file.
[    5.828842] systemd[1]: Reached target Swap.
[[0;32m  OK  [0m] Reached target Swap.
[    5.844333] systemd[1]: Set up automount Arbitrary Executable File Formats File System Automount Point.
[[0;32m  OK  [0m] Set up automount Arbitrary Executab…rmats File System Automount Point.
[    5.857177] systemd[1]: Created slice System Slice.
[[0;32m  OK  [0m] Created slice System Slice.
[    5.859531] systemd[1]: Listening on Journal Audit Socket.
[[0;32m  OK  [0m] Listening on Journal Audit Socket.
[[0;32m  OK  [0m] Listening on Journal Socket (/dev/log).
[[0;32m  OK  [0m] Started Forward Password Requests to Wall Directory Watch.
[[0;32m  OK  [0m] Created slice User and Session Slice.
[[0;32m  OK  [0m] Reached target Slices.
[[0;32m  OK  [0m] Listening on Network Service Netlink Socket.
[[0;32m  OK  [0m] Reached target User and Group Name Lookups.
[[0;32m  OK  [0m] Listening on LVM2 poll daemon socket.
[[0;32m  OK  [0m] Listening on LVM2 metadata daemon socket.
[[0;32m  OK  [0m] Listening on Device-mapper event daemon FIFOs.
[[0;32m  OK  [0m] Created slice system-serial\x2dgetty.slice.
[[0;32m  OK  [0m] Listening on udev Control Socket.
[[0;32m  OK  [0m] Listening on fsck to fsckd communication Socket.
[[0;32m  OK  [0m] Listening on Journal Socket.
         Starting Uncomplicated firewall...
         Starting Load Kernel Modules...
         Mounting POSIX Message Queue File System...
         Mounting Kernel Debug File System...
[    5.904750] Loading iSCSI transport class v2.0-870.
         Starting File System Check on Root Device...
[    5.924578] iscsi: registered transport (tcp)
[    5.942337] iscsi: registered transport (iser)
         Starting Monitoring of LVM2 mirrors…ng dmeventd or progress polling...
[[0;32m  OK  [0m] Reached target System Time Synchronized.
         Mounting Huge Pages File System...
[[0;32m  OK  [0m] Listening on /dev/initctl Compatibility Named Pipe.
         Starting Set the console keyboard layout...
[[0;32m  OK  [0m] Listening on Syslog Socket.
         Starting Journal Service...
         Starting Create list of required st…ce nodes for the current kernel...
[[0;32m  OK  [0m] Listening on udev Kernel Socket.
         Starting udev Coldplug all Devices...
[[0;32m  OK  [0m] Started Uncomplicated firewall.
[[0;32m  OK  [0m] Started Load Kernel Modules.
[[0;32m  OK  [0m] Mounted POSIX Message Queue File System.
[[0;32m  OK  [0m] Mounted Kernel Debug File System.
[[0;32m  OK  [0m] Mounted Huge Pages File System.
[[0;32m  OK  [0m] Started File System Check Daemon to report status.
         Mounting FUSE Control File System...
         Mounting Kernel Configuration File System...
         Starting Apply Kernel Variables...
[[0;32m  OK  [0m] Started File System Check on Root Device.
[[0;32m  OK  [0m] Started Create list of required sta…vice nodes for the current kernel.
[[0;32m  OK  [0m] Mounted FUSE Control File System.
[[0;32m  OK  [0m] Mounted Kernel Configuration File System.
         Starting Create Static Device Nodes in /dev...
         Starting Remount Root and Kernel File Systems...
[[0;32m  OK  [0m] Started LVM2 metadata daemon.
[[0;32m  OK  [0m] Started Journal Service.
[[0;32m  OK  [0m] Started Apply Kernel Variables.
[[0;32m  OK  [0m] Started Create Static Device Nodes in /dev.
[[0;32m  OK  [0m] Started Remount Root and Kernel File Systems.
         Starting Flush Journal to Persistent Storage...
         Starting udev Kernel Device Manager...
         Starting Load/Save Random Seed...
[[0;32m  OK  [0m] Started Monitoring of LVM2 mirrors,…sing dmeventd or progress polling.
[[0;32m  OK  [0m] Started udev Coldplug all Devices.
[[0;32m  OK  [0m] Started Load/Save Random Seed.
[[0;32m  OK  [0m] Started udev Kernel Device Manager.
[[0;32m  OK  [0m] Started Set the console keyboard layout.
[[0;32m  OK  [0m] Reached target Local File Systems (Pre).
[[0;32m  OK  [0m] Reached target Local File Systems.
         Starting Tell Plymouth To Write Out Runtime Data...
         Starting AppArmor initialization...
         Starting Set console font and keymap...
         Starting ebtables ruleset management...
         Starting Commit a transient machine-id on disk...
[[0;32m  OK  [0m] Started Dispatch Password Requests to Console Directory Watch.
[[0;32m  OK  [0m] Reached target Local Encrypted Volumes.
[[0;32m  OK  [0m] Started Flush Journal to Persistent Storage.
[[0;32m  OK  [0m] Started Tell Plymouth To Write Out Runtime Data.
[[0;32m  OK  [0m] Started Set console font and keymap.
         Starting Create Volatile Files and Directories...
[[0;32m  OK  [0m] Started Create Volatile Files and Directories.
         Starting Update UTMP about System Boot/Shutdown...
[[0;32m  OK  [0m] Started Commit a transient machine-id on disk.
[[0;32m  OK  [0m] Started Update UTMP about System Boot/Shutdown.
[[0;32m  OK  [0m] Started ebtables ruleset management.
[[0;32m  OK  [0m] Found device /dev/ttyS0.
[[0;32m  OK  [0m] Listening on Load/Save RF Kill Switch Status /dev/rfkill Watch.
[[0;32m  OK  [0m] Started AppArmor initialization.
         Starting Initial cloud-init job (pre-networking)...
         Starting Load AppArmor profiles managed internally by snapd...
[[0;32m  OK  [0m] Started Load AppArmor profiles managed internally by snapd.
[    8.908028] cloud-init[563]: Cloud-init v. 21.2-3-g899bfaa9-0ubuntu2~18.04.1 running 'init-local' at Thu, 08 Jul 2021 23:35:18 +0000. Up 8.45 seconds.
[[0;32m  OK  [0m] Started Initial cloud-init job (pre-networking).
[[0;32m  OK  [0m] Reached target Network (Pre).
         Starting Network Service...
[[0;32m  OK  [0m] Started Network Service.
         Starting Network Name Resolution...
         Starting Wait for Network to be Configured...
[[0;32m  OK  [0m] Started Network Name Resolution.
[[0;32m  OK  [0m] Reached target Network.
[[0;32m  OK  [0m] Reached target Host and Network Name Lookups.
[[0;32m  OK  [0m] Started Wait for Network to be Configured.
         Starting Initial cloud-init job (metadata service crawler)...
[   11.822681] cloud-init[702]: Cloud-init v. 21.2-3-g899bfaa9-0ubuntu2~18.04.1 running 'init' at Thu, 08 Jul 2021 23:35:21 +0000. Up 11.62 seconds.
[   11.834597] cloud-init[702]: ci-info: ++++++++++++++++++++++++++++++++++++++Net device info+++++++++++++++++++++++++++++++++++++++
[   11.837039] cloud-init[702]: ci-info: +--------+-------+----------------------------+---------------+--------+-------------------+
[   11.839367] cloud-init[702]: ci-info: | Device |   Up  |          Address           |      Mask     | Scope  |     Hw-Address    |
[   11.841777] cloud-init[702]: ci-info: +--------+-------+----------------------------+---------------+--------+-------------------+
[   11.844063] cloud-init[702]: ci-info: | enp0s3 |  True |         10.0.2.15          | 255.255.255.0 | global | 02:c9:26:65:5d:a6 |
[   11.846407] cloud-init[702]: ci-info: | enp0s3 |  True | fe80::c9:26ff:fe65:5da6/64 |       .       |  link  | 02:c9:26:65:5d:a6 |
[   11.848750] cloud-init[702]: ci-info: | enp0s8 | False |             .              |       .       |   .    | 08:00:27:81:67:33 |
[   11.854832] cloud-init[702]: ci-info: |   lo   |  True |         127.0.0.1          |   255.0.0.0   |  host  |         .         |
[   11.857298] cloud-init[702]: ci-info: |   lo   |  True |          ::1/128           |       .       |  host  |         .         |
[   11.860176] cloud-init[702]: ci-info: +--------+-------+----------------------------+---------------+--------+-------------------+
[   11.862229] cloud-init[702]: ci-info: ++++++++++++++++++++++++++++Route IPv4 info+++++++++++++++++++++++++++++
[   11.864179] cloud-init[702]: ci-info: +-------+-------------+----------+-----------------+-----------+-------+
[   11.866045] cloud-init[702]: ci-info: | Route | Destination | Gateway  |     Genmask     | Interface | Flags |
[   11.867717] cloud-init[702]: ci-info: +-------+-------------+----------+-----------------+-----------+-------+
[   11.869498] cloud-init[702]: ci-info: |   0   |   0.0.0.0   | 10.0.2.2 |     0.0.0.0     |   enp0s3  |   UG  |
[   11.871390] cloud-init[702]: ci-info: |   1   |   10.0.2.0  | 0.0.0.0  |  255.255.255.0  |   enp0s3  |   U   |
[   11.873403] cloud-init[702]: ci-info: |   2   |   10.0.2.2  | 0.0.0.0  | 255.255.255.255 |   enp0s3  |   UH  |
[   11.875470] cloud-init[702]: ci-info: +-------+-------------+----------+-----------------+-----------+-------+
[   11.877475] cloud-init[702]: ci-info: +++++++++++++++++++Route IPv6 info+++++++++++++++++++
[   11.879167] cloud-init[702]: ci-info: +-------+-------------+---------+-----------+-------+
[   11.880607] cloud-init[702]: ci-info: | Route | Destination | Gateway | Interface | Flags |
[   11.882006] cloud-init[702]: ci-info: +-------+-------------+---------+-----------+-------+
[   11.883525] cloud-init[702]: ci-info: |   1   |  fe80::/64  |    ::   |   enp0s3  |   U   |
[   11.885177] cloud-init[702]: ci-info: |   3   |    local    |    ::   |   enp0s3  |   U   |
[   11.886794] cloud-init[702]: ci-info: |   4   |   ff00::/8  |    ::   |   enp0s3  |   U   |
[   11.888237] cloud-init[702]: ci-info: +-------+-------------+---------+-----------+-------+
[   12.723153] cloud-init[702]: Generating public/private rsa key pair.
[   12.724390] cloud-init[702]: Your identification has been saved in /etc/ssh/ssh_host_rsa_key.
[   12.726077] cloud-init[702]: Your public key has been saved in /etc/ssh/ssh_host_rsa_key.pub.
[   12.744669] cloud-init[702]: The key fingerprint is:
[   12.750305] cloud-init[702]: SHA256:X3+wxwokfnRn5pu3OJQ2gAcZ+OmmV2Amac1zek3fOlM root@ubuntu-bionic
[   12.751798] cloud-init[702]: The key's randomart image is:
[   12.768681] cloud-init[702]: +---[RSA 2048]----+
[   12.769564] cloud-init[702]: |        ..o      |
[   12.771598] cloud-init[702]: |       . o       |
[   12.772450] cloud-init[702]: |        = +      |
[   12.773258] cloud-init[702]: |       + @ + .   |
[   12.774068] cloud-init[702]: |      . S B B = =|
[   12.788254] cloud-init[702]: |         * B O XE|
[   12.789345] cloud-init[702]: |        o = = +o=|
[   12.793794] cloud-init[702]: |       . . . o=++|
[   12.794677] cloud-init[702]: |        .    .o*o|
[   12.794794] cloud-init[702]: +----[SHA256]-----+
[   12.795412] cloud-init[702]: Generating public/private dsa key pair.
[   12.795816] cloud-init[702]: Your identification has been saved in /etc/ssh/ssh_host_dsa_key.
[   12.796697] cloud-init[702]: Your public key has been saved in /etc/ssh/ssh_host_dsa_key.pub.
[   12.797329] cloud-init[702]: The key fingerprint is:
[   12.797810] cloud-init[702]: SHA256:cNHPOBgWZ3c+HSW0FNVHmccH1G7XTmvqJyHRN7Bb9ZY root@ubuntu-bionic
[   12.798239] cloud-init[702]: The key's randomart image is:
[   12.798859] cloud-init[702]: +---[DSA 1024]----+
[   12.799238] cloud-init[702]: |        ooo .oOOO|
[   12.799637] cloud-init[702]: |        o+.. = *X|
[   12.800076] cloud-init[702]: |      ...o +. *.X|
[   12.800722] cloud-init[702]: |       o. o.oo EO|
[   12.801102] cloud-init[702]: |        S  .. +=+|
[   12.801481] cloud-init[702]: |           . o o.|
[   12.801991] cloud-init[702]: |            . +  |
[   12.802248] cloud-init[702]: |             o . |
[   12.803139] cloud-init[702]: |            ..o  |
[   12.803402] cloud-init[702]: +----[SHA256]-----+
[   12.805040] cloud-init[702]: Generating public/private ecdsa key pair.
[   12.805783] cloud-init[702]: Your identification has been saved in /etc/ssh/ssh_host_ecdsa_key.
[   12.806168] cloud-init[702]: Your public key has been saved in /etc/ssh/ssh_host_ecdsa_key.pub.
[   12.806589] cloud-init[702]: The key fingerprint is:
[   12.806980] cloud-init[702]: SHA256:snf4UfGcxYg9hCEOJ2Z2ZeJhNo3AWL+SLMdCpZrbD7E root@ubuntu-bionic
[   12.807377] cloud-init[702]: The key's randomart image is:
[   12.807780] cloud-init[702]: +---[ECDSA 256]---+
[   12.808375] cloud-init[702]: |       +X.X++o.  |
[   12.808591] cloud-init[702]: |      .*.@.*o+ o |
[   12.808661] cloud-init[702]: |      o   + o + o|
[[0;32m  OK  [0m] Started Initial cloud-init job (metadata service crawler).
[   12.808728] cloud-init[702]: |     + o . . + + |
[   12.829514] cloud-init[702]: |    o = S . . +  |
[[   12.830524] cloud-init[702]: |     o O o .     |
[   12.830756] cloud-init[702]: |    . E o o      |
[   12.831382] cloud-init[702]: |       + o .     |
[   12.831745] cloud-init[702]: |        . .      |
[   12.832357] cloud-init[702]: +----[SHA256]-----+
[   12.832558] cloud-init[702]: Generating public/private ed25519 key pair.
[   12.832969] cloud-init[702]: Your identification has been saved in /etc/ssh/ssh_host_ed25519_key.
[   12.833333] cloud-init[702]: Your public key has been saved in /etc/ssh/ssh_host_ed25519_key.pub.
[   12.833720] cloud-init[702]: The key fingerprint is:
[   12.834122] cloud-init[702]: SHA256:FYhR94G1gz88v7UBlpHEWhkCvfCHaLT4CUqxYPVBhpQ root@ubuntu-bionic
[   12.834492] cloud-init[702]: The key's randomart image is:
[   12.834899] cloud-init[702]: +--[ED25519 256]--+
[   12.835264] cloud-init[702]: |    oo=B.o=++oo  |
[0;32m  OK  [0m] Reached target Cloud-config availability.
[   12.835466] cloud-init[702]: |   o E+ o+.=o*.  |
[[   12.845109] cloud-init[702]: |  . . o.o B Oo   |
[   12.845236] cloud-init[702]: |     o o = B oo  |
[   12.845650] cloud-init[702]: |    . . S . *+   |
[   12.846014] cloud-init[702]: |     .   o  .+.  |
[   12.846392] cloud-init[702]: |              ...|
[   12.847109] cloud-init[702]: |               oo|
[   12.847559] cloud-init[702]: |              .. |
[   12.847911] cloud-init[702]: +----[SHA256]-----+
[0;32m  OK  [0m] Reached target System Initialization.
[[0;32m  OK  [0m] Started Message of the Day.
[[0;32m  OK  [0m] Started Ubuntu Advantage update messaging.
[[0;32m  OK  [0m] Listening on UUID daemon activation socket.
[[0;32m  OK  [0m] Listening on D-Bus System Message Bus Socket.
[[0;32m  OK  [0m] Started Daily Cleanup of Temporary Directories.
         Starting Socket activation for snappy daemon.
[[0;32m  OK  [0m] Started ACPI Events Check.
         Starting LXD - unix socket.
[[0;32m  OK  [0m] Listening on ACPID Listen Socket.
[[0;32m  OK  [0m] Started Daily apt download activities.
[[0;32m  OK  [0m] Started Daily apt upgrade and clean activities.
[[0;32m  OK  [0m] Listening on Open-iSCSI iscsid Socket.
[[0;32m  OK  [0m] Reached target Paths.
[[0;32m  OK  [0m] Started Discard unused blocks once a week.
[[0;32m  OK  [0m] Reached target Timers.
[[0;32m  OK  [0m] Reached target Network is Online.
[[0;32m  OK  [0m] Reached target Remote File Systems (Pre).
[[0;32m  OK  [0m] Reached target Remote File Systems.
         Starting Availability of block devices...
[[0;32m  OK  [0m] Listening on Socket activation for snappy daemon.
[[0;32m  OK  [0m] Listening on LXD - unix socket.
[[0;32m  OK  [0m] Reached target Sockets.
[[0;32m  OK  [0m] Reached target Basic System.
[[0;32m  OK  [0m] Started D-Bus System Message Bus.
[[0;32m  OK  [0m] Started Deferred execution scheduler.
         Starting Dispatcher daemon for systemd-networkd...
[[0;32m  OK  [0m] Started FUSE filesystem for LXC.
         Starting Accounts Service...
         Starting LSB: automatic crash report generation...
[[0;32m  OK  [0m] Started Regular background program processing daemon.
         Starting LXD - container startup/shutdown...
         Starting System Logging Service...
[[0;32m  OK  [0m] Started irqbalance daemon.
         Starting Virtualbox guest utils...
         Starting Pollinate to seed the pseudo random number generator...
         Starting LSB: Record successful boot for GRUB...
         Starting Login Service...
         Starting Permit User Sessions...
         Starting Snap Daemon...
[[0;32m  OK  [0m] Started System Logging Service.
[[0;32m  OK  [0m] Started Availability of block devices.
[[0;32m  OK  [0m] Started Permit User Sessions.
         Starting Terminate Plymouth Boot Screen...
         Starting Hold until boot process finishes up...
[[0;32m  OK  [0m] Started Terminate Plymouth Boot Screen.
[[0;32m  OK  [0m] Started Hold until boot process finishes up.
[[0;32m  OK  [0m] Started Serial Getty on ttyS0.
         Starting Set console scheme...
[[0;32m  OK  [0m] Started Login Service.
[[0;32m  OK  [0m] Started Set console scheme.
[[0;32m  OK  [0m] Created slice system-getty.slice.
[[0;32m  OK  [0m] Started Getty on tty1.
[[0;32m  OK  [0m] Reached target Login Prompts.
         Starting Authorization Manager...
[[0;32m  OK  [0m] Started Unattended Upgrades Shutdown.
[[0;32m  OK  [0m] Started LSB: automatic crash report generation.
[[0;32m  OK  [0m] Started LSB: Record successful boot for GRUB.
[[0;32m  OK  [0m] Started Authorization Manager.
[[0;32m  OK  [0m] Started Accounts Service.
[[0;32m  OK  [0m] Started LXD - container startup/shutdown.
[[0;32m  OK  [0m] Started Virtualbox guest utils.
[[0;32m  OK  [0m] Started Dispatcher daemon for systemd-networkd.
[[0;32m  OK  [0m] Started Snap Daemon.
         Starting Wait until snapd is fully seeded...
[[0;32m  OK  [0m] Started Pollinate to seed the pseudo random number generator.
         Starting OpenBSD Secure Shell server...
[[0;32m  OK  [0m] Started OpenBSD Secure Shell server.
[[0;32m  OK  [0m] Created slice User Slice of vagrant.
         Starting User Manager for UID 1000...
[[0;32m  OK  [0m] Started Session 1 of user vagrant.
[[0;32m  OK  [0m] Started User Manager for UID 1000.

Ubuntu 18.04.5 LTS ubuntu-bionic ttyS0

ubuntu-bionic login: [   20.282803] cloud-init[1414]: Cloud-init v. 21.2-3-g899bfaa9-0ubuntu2~18.04.1 running 'modules:config' at Thu, 08 Jul 2021 23:35:29 +0000. Up 19.71 seconds.
ci-info: no authorized SSH keys fingerprints found for user ubuntu.
<14>Jul  8 23:35:31 cloud-init: #############################################################
<14>Jul  8 23:35:31 cloud-init: -----BEGIN SSH HOST KEY FINGERPRINTS-----
<14>Jul  8 23:35:31 cloud-init: 1024 SHA256:cNHPOBgWZ3c+HSW0FNVHmccH1G7XTmvqJyHRN7Bb9ZY root@ubuntu-bionic (DSA)
<14>Jul  8 23:35:31 cloud-init: 256 SHA256:snf4UfGcxYg9hCEOJ2Z2ZeJhNo3AWL+SLMdCpZrbD7E root@ubuntu-bionic (ECDSA)
<14>Jul  8 23:35:31 cloud-init: 256 SHA256:FYhR94G1gz88v7UBlpHEWhkCvfCHaLT4CUqxYPVBhpQ root@ubuntu-bionic (ED25519)
<14>Jul  8 23:35:31 cloud-init: 2048 SHA256:X3+wxwokfnRn5pu3OJQ2gAcZ+OmmV2Amac1zek3fOlM root@ubuntu-bionic (RSA)
<14>Jul  8 23:35:31 cloud-init: -----END SSH HOST KEY FINGERPRINTS-----
<14>Jul  8 23:35:31 cloud-init: #############################################################
-----BEGIN SSH HOST KEY KEYS-----
ecdsa-sha2-nistp256 AAAAE2VjZHNhLXNoYTItbmlzdHAyNTYAAAAIbmlzdHAyNTYAAABBBC62OJJIRGxe3hfz38NfEHylPsHNVcRXRUDi+7DvldacP9ndZnbq6v6o0Tp5GR/i/eIOWy3bYaMmPCkiXWsCM8c= root@ubuntu-bionic
ssh-ed25519 AAAAC3NzaC1lZDI1NTE5AAAAIDZyTRWK7gTHh5PJIl7J6vCTY6MnRQkQ1SfEPR5ng4pl root@ubuntu-bionic
ssh-rsa AAAAB3NzaC1yc2EAAAADAQABAAABAQDoyLCgvgP6w5bUiGB/LgynaiuOS38UYcrCVFdoiHhyWiVEnVzMxBqpSaMyN9YYox30ST1wb0gFXmCUJWpJO78vltjgZ1geR0zwhnoslbx6uxbJe1KVgFpFEFuNzpStr7WncSys2FvzOdBoKWRXRmEwU7F677bI5cxVx/X/vY+StIcGTLQQHqUVCsp37opFJvFDJ48Ir1bWBU4CGRIXE2ddWc6tsH9DroLI0hwPgwpm3yeZhwTuJFFCbiMEHOj6LNGQLGxkiucinGMEWdzVd95qzRiuu6Sm5SxNVgDdpuocyYyMPHpnj7YnFgPfsyxGtdH2jl5znWt8xC0L0vpZwpT9 root@ubuntu-bionic
-----END SSH HOST KEY KEYS-----
[   21.066396] cloud-init[1476]: Cloud-init v. 21.2-3-g899bfaa9-0ubuntu2~18.04.1 running 'modules:final' at Thu, 08 Jul 2021 23:35:31 +0000. Up 20.85 seconds.
[   21.066521] cloud-init[1476]: ci-info: no authorized SSH keys fingerprints found for user ubuntu.
[   21.066623] cloud-init[1476]: Cloud-init v. 21.2-3-g899bfaa9-0ubuntu2~18.04.1 finished at Thu, 08 Jul 2021 23:35:31 +0000. Datasource DataSourceNoCloud [seed=/dev/sdb][dsmode=net].  Up 21.04 seconds
[ 5367.184671] Out of memory: Kill process 21168 (node) score 301 or sacrifice child
[ 5367.201309] Killed process 21235 (sh) total-vm:4284kB, anon-rss:72kB, file-rss:0kB, shmem-rss:0kB
[ 5368.036653] Out of memory: Kill process 21168 (node) score 301 or sacrifice child
[ 5368.038070] Killed process 21168 (node) total-vm:1455624kB, anon-rss:299920kB, file-rss:0kB, shmem-rss:0kB
[ 5660.929482] Out of memory: Kill process 23159 (node) score 343 or sacrifice child
[ 5660.960438] Killed process 23171 (sh) total-vm:4284kB, anon-rss:72kB, file-rss:0kB, shmem-rss:0kB
[ 5661.912950] Out of memory: Kill process 23159 (node) score 343 or sacrifice child
[ 5661.914385] Killed process 23159 (node) total-vm:1453380kB, anon-rss:342296kB, file-rss:0kB, shmem-rss:0kB
[ 6171.927964] Out of memory: Kill process 25980 (node) score 349 or sacrifice child
[ 6171.931274] Killed process 25992 (sh) total-vm:4284kB, anon-rss:72kB, file-rss:0kB, shmem-rss:0kB
[ 6172.057556] Out of memory: Kill process 25980 (node) score 349 or sacrifice child
[ 6172.059216] Killed process 25980 (node) total-vm:1456652kB, anon-rss:347424kB, file-rss:0kB, shmem-rss:0kB
